<?xml version="1.0" encoding="UTF-8"?>
<!-- Generated by org.testng.reporters.JUnitReportReporter -->
<testsuite hostname="AmitKumar" failures="0" tests="1" name="mavenSeleniumProject1.LoginText" time="21.623" errors="0" timestamp="2022-04-27T15:23:21 IST" skipped="0">
  <testcase classname="mavenSeleniumProject1.LoginText" name="testcase1" time="21.623"/>
  <system-out/>
</testsuite> <!-- mavenSeleniumProject1.LoginText -->
