<?xml version="1.0" encoding="UTF-8"?>
<!-- Generated by org.testng.reporters.JUnitReportReporter -->
<testsuite hostname="AmitKumar" failures="0" tests="1" name="mavenSeleniumProject1.LoginText" time="25.882" errors="0" timestamp="2022-04-28T16:53:01 IST" skipped="0">
  <testcase classname="mavenSeleniumProject1.LoginText" name="testcase1" time="25.882"/>
  <system-out/>
</testsuite> <!-- mavenSeleniumProject1.LoginText -->
